2024-05-29T19:07:30.730+05:30  INFO 20128 --- [restartedMain] com.concentrix.demo.app                  : Starting app using Java 17.0.9 with PID 20128 (C:\Users\kaasritha\Documents\workspace-spring-tool-suite-4-4.21.0.RELEASE\E-Ticketer-WebApplication\target\classes started by kaasritha in C:\Users\kaasritha\Documents\workspace-spring-tool-suite-4-4.21.0.RELEASE\E-Ticketer-WebApplication)
2024-05-29T19:07:30.746+05:30  INFO 20128 --- [restartedMain] com.concentrix.demo.app                  : No active profile set, falling back to 1 default profile: "default"
2024-05-29T19:07:30.807+05:30  INFO 20128 --- [restartedMain] .e.DevToolsPropertyDefaultsPostProcessor : Devtools property defaults active! Set 'spring.devtools.add-properties' to 'false' to disable
2024-05-29T19:07:30.808+05:30  INFO 20128 --- [restartedMain] .e.DevToolsPropertyDefaultsPostProcessor : For additional web related logging consider setting the 'logging.level.web' property to 'DEBUG'
2024-05-29T19:07:31.581+05:30  INFO 20128 --- [restartedMain] .s.d.r.c.RepositoryConfigurationDelegate : Bootstrapping Spring Data JPA repositories in DEFAULT mode.
2024-05-29T19:07:31.658+05:30  INFO 20128 --- [restartedMain] .s.d.r.c.RepositoryConfigurationDelegate : Finished Spring Data repository scanning in 64 ms. Found 3 JPA repository interfaces.
2024-05-29T19:07:31.972+05:30  WARN 20128 --- [restartedMain] trationDelegate$BeanPostProcessorChecker : Bean 'org.springframework.ws.config.annotation.DelegatingWsConfiguration' of type [org.springframework.ws.config.annotation.DelegatingWsConfiguration$$SpringCGLIB$$0] is not eligible for getting processed by all BeanPostProcessors (for example: not eligible for auto-proxying). The currently created BeanPostProcessor [annotationActionEndpointMapping] is declared through a non-static factory method on that class; consider declaring it as static instead.
2024-05-29T19:07:32.011+05:30  INFO 20128 --- [restartedMain] .w.s.a.s.AnnotationActionEndpointMapping : Supporting [WS-Addressing August 2004, WS-Addressing 1.0]
2024-05-29T19:07:32.515+05:30  INFO 20128 --- [restartedMain] o.s.b.w.embedded.tomcat.TomcatWebServer  : Tomcat initialized with port 8080 (http)
2024-05-29T19:07:32.532+05:30  INFO 20128 --- [restartedMain] o.apache.catalina.core.StandardService   : Starting service [Tomcat]
2024-05-29T19:07:32.533+05:30  INFO 20128 --- [restartedMain] o.apache.catalina.core.StandardEngine    : Starting Servlet engine: [Apache Tomcat/10.1.18]
2024-05-29T19:07:32.623+05:30  INFO 20128 --- [restartedMain] o.a.c.c.C.[Tomcat].[localhost].[/]       : Initializing Spring embedded WebApplicationContext
2024-05-29T19:07:32.624+05:30  INFO 20128 --- [restartedMain] w.s.c.ServletWebServerApplicationContext : Root WebApplicationContext: initialization completed in 1815 ms
2024-05-29T19:07:32.834+05:30  INFO 20128 --- [restartedMain] o.hibernate.jpa.internal.util.LogHelper  : HHH000204: Processing PersistenceUnitInfo [name: default]
2024-05-29T19:07:32.990+05:30  INFO 20128 --- [restartedMain] org.hibernate.Version                    : HHH000412: Hibernate ORM core version 6.4.1.Final
2024-05-29T19:07:33.070+05:30  INFO 20128 --- [restartedMain] o.h.c.internal.RegionFactoryInitiator    : HHH000026: Second-level cache disabled
2024-05-29T19:07:33.741+05:30  INFO 20128 --- [restartedMain] o.s.o.j.p.SpringPersistenceUnitInfo      : No LoadTimeWeaver setup: ignoring JPA class transformer
2024-05-29T19:07:33.787+05:30  INFO 20128 --- [restartedMain] com.zaxxer.hikari.HikariDataSource       : HikariPool-1 - Starting...
2024-05-29T19:07:34.113+05:30  INFO 20128 --- [restartedMain] com.zaxxer.hikari.pool.HikariPool        : HikariPool-1 - Added connection com.mysql.cj.jdbc.ConnectionImpl@2bbc7104
2024-05-29T19:07:34.116+05:30  INFO 20128 --- [restartedMain] com.zaxxer.hikari.HikariDataSource       : HikariPool-1 - Start completed.
2024-05-29T19:07:34.184+05:30  WARN 20128 --- [restartedMain] org.hibernate.orm.deprecation            : HHH90000025: MySQLDialect does not need to be specified explicitly using 'hibernate.dialect' (remove the property setting and it will be selected by default)
2024-05-29T19:07:35.508+05:30  INFO 20128 --- [restartedMain] o.h.e.t.j.p.i.JtaPlatformInitiator       : HHH000489: No JTA platform available (set 'hibernate.transaction.jta.platform' to enable JTA platform integration)
2024-05-29T19:07:35.612+05:30  INFO 20128 --- [restartedMain] j.LocalContainerEntityManagerFactoryBean : Initialized JPA EntityManagerFactory for persistence unit 'default'
2024-05-29T19:07:35.913+05:30  INFO 20128 --- [restartedMain] o.s.d.j.r.query.QueryEnhancerFactory     : Hibernate is in classpath; If applicable, HQL parser will be used.
2024-05-29T19:07:36.074+05:30  WARN 20128 --- [restartedMain] JpaBaseConfiguration$JpaWebConfiguration : spring.jpa.open-in-view is enabled by default. Therefore, database queries may be performed during view rendering. Explicitly configure spring.jpa.open-in-view to disable this warning
2024-05-29T19:07:36.098+05:30  INFO 20128 --- [restartedMain] o.s.b.a.w.s.WelcomePageHandlerMapping    : Adding welcome page template: index
2024-05-29T19:07:36.525+05:30  WARN 20128 --- [restartedMain] o.s.b.d.a.OptionalLiveReloadServer       : Unable to start LiveReload server
2024-05-29T19:07:36.552+05:30  WARN 20128 --- [restartedMain] ConfigServletWebServerApplicationContext : Exception encountered during context initialization - cancelling refresh attempt: org.springframework.context.ApplicationContextException: Failed to start bean 'webServerStartStop'
2024-05-29T19:07:36.555+05:30  INFO 20128 --- [restartedMain] j.LocalContainerEntityManagerFactoryBean : Closing JPA EntityManagerFactory for persistence unit 'default'
2024-05-29T19:07:36.559+05:30  INFO 20128 --- [restartedMain] com.zaxxer.hikari.HikariDataSource       : HikariPool-1 - Shutdown initiated...
2024-05-29T19:07:36.569+05:30  INFO 20128 --- [restartedMain] com.zaxxer.hikari.HikariDataSource       : HikariPool-1 - Shutdown completed.
2024-05-29T19:07:36.583+05:30  INFO 20128 --- [restartedMain] .s.b.a.l.ConditionEvaluationReportLogger : 

Error starting ApplicationContext. To display the condition evaluation report re-run your application with 'debug' enabled.
2024-05-29T19:07:36.605+05:30 ERROR 20128 --- [restartedMain] o.s.b.d.LoggingFailureAnalysisReporter   : 

***************************
APPLICATION FAILED TO START
***************************

Description:

Web server failed to start. Port 8080 was already in use.

Action:

Identify and stop the process that's listening on port 8080 or configure this application to listen on another port.

2024-05-29T19:07:58.381+05:30  INFO 6168 --- [restartedMain] com.concentrix.demo.app                  : Starting app using Java 17.0.9 with PID 6168 (C:\Users\kaasritha\Documents\workspace-spring-tool-suite-4-4.21.0.RELEASE\E-Ticketer-WebApplication\target\classes started by kaasritha in C:\Users\kaasritha\Documents\workspace-spring-tool-suite-4-4.21.0.RELEASE\E-Ticketer-WebApplication)
2024-05-29T19:07:58.385+05:30  INFO 6168 --- [restartedMain] com.concentrix.demo.app                  : No active profile set, falling back to 1 default profile: "default"
2024-05-29T19:07:58.441+05:30  INFO 6168 --- [restartedMain] .e.DevToolsPropertyDefaultsPostProcessor : Devtools property defaults active! Set 'spring.devtools.add-properties' to 'false' to disable
2024-05-29T19:07:58.442+05:30  INFO 6168 --- [restartedMain] .e.DevToolsPropertyDefaultsPostProcessor : For additional web related logging consider setting the 'logging.level.web' property to 'DEBUG'
2024-05-29T19:07:59.136+05:30  INFO 6168 --- [restartedMain] .s.d.r.c.RepositoryConfigurationDelegate : Bootstrapping Spring Data JPA repositories in DEFAULT mode.
2024-05-29T19:07:59.209+05:30  INFO 6168 --- [restartedMain] .s.d.r.c.RepositoryConfigurationDelegate : Finished Spring Data repository scanning in 64 ms. Found 3 JPA repository interfaces.
2024-05-29T19:07:59.545+05:30  WARN 6168 --- [restartedMain] trationDelegate$BeanPostProcessorChecker : Bean 'org.springframework.ws.config.annotation.DelegatingWsConfiguration' of type [org.springframework.ws.config.annotation.DelegatingWsConfiguration$$SpringCGLIB$$0] is not eligible for getting processed by all BeanPostProcessors (for example: not eligible for auto-proxying). The currently created BeanPostProcessor [annotationActionEndpointMapping] is declared through a non-static factory method on that class; consider declaring it as static instead.
2024-05-29T19:07:59.594+05:30  INFO 6168 --- [restartedMain] .w.s.a.s.AnnotationActionEndpointMapping : Supporting [WS-Addressing August 2004, WS-Addressing 1.0]
2024-05-29T19:07:59.885+05:30  INFO 6168 --- [restartedMain] o.s.b.w.embedded.tomcat.TomcatWebServer  : Tomcat initialized with port 8080 (http)
2024-05-29T19:07:59.896+05:30  INFO 6168 --- [restartedMain] o.apache.catalina.core.StandardService   : Starting service [Tomcat]
2024-05-29T19:07:59.897+05:30  INFO 6168 --- [restartedMain] o.apache.catalina.core.StandardEngine    : Starting Servlet engine: [Apache Tomcat/10.1.18]
2024-05-29T19:07:59.967+05:30  INFO 6168 --- [restartedMain] o.a.c.c.C.[Tomcat].[localhost].[/]       : Initializing Spring embedded WebApplicationContext
2024-05-29T19:07:59.967+05:30  INFO 6168 --- [restartedMain] w.s.c.ServletWebServerApplicationContext : Root WebApplicationContext: initialization completed in 1523 ms
2024-05-29T19:08:00.131+05:30  INFO 6168 --- [restartedMain] o.hibernate.jpa.internal.util.LogHelper  : HHH000204: Processing PersistenceUnitInfo [name: default]
2024-05-29T19:08:00.186+05:30  INFO 6168 --- [restartedMain] org.hibernate.Version                    : HHH000412: Hibernate ORM core version 6.4.1.Final
2024-05-29T19:08:00.225+05:30  INFO 6168 --- [restartedMain] o.h.c.internal.RegionFactoryInitiator    : HHH000026: Second-level cache disabled
2024-05-29T19:08:00.475+05:30  INFO 6168 --- [restartedMain] o.s.o.j.p.SpringPersistenceUnitInfo      : No LoadTimeWeaver setup: ignoring JPA class transformer
2024-05-29T19:08:00.505+05:30  INFO 6168 --- [restartedMain] com.zaxxer.hikari.HikariDataSource       : HikariPool-1 - Starting...
2024-05-29T19:08:00.838+05:30  INFO 6168 --- [restartedMain] com.zaxxer.hikari.pool.HikariPool        : HikariPool-1 - Added connection com.mysql.cj.jdbc.ConnectionImpl@4b679702
2024-05-29T19:08:00.841+05:30  INFO 6168 --- [restartedMain] com.zaxxer.hikari.HikariDataSource       : HikariPool-1 - Start completed.
2024-05-29T19:08:00.904+05:30  WARN 6168 --- [restartedMain] org.hibernate.orm.deprecation            : HHH90000025: MySQLDialect does not need to be specified explicitly using 'hibernate.dialect' (remove the property setting and it will be selected by default)
2024-05-29T19:08:01.895+05:30  INFO 6168 --- [restartedMain] o.h.e.t.j.p.i.JtaPlatformInitiator       : HHH000489: No JTA platform available (set 'hibernate.transaction.jta.platform' to enable JTA platform integration)
2024-05-29T19:08:01.972+05:30  INFO 6168 --- [restartedMain] j.LocalContainerEntityManagerFactoryBean : Initialized JPA EntityManagerFactory for persistence unit 'default'
2024-05-29T19:08:02.276+05:30  INFO 6168 --- [restartedMain] o.s.d.j.r.query.QueryEnhancerFactory     : Hibernate is in classpath; If applicable, HQL parser will be used.
2024-05-29T19:08:02.427+05:30  WARN 6168 --- [restartedMain] JpaBaseConfiguration$JpaWebConfiguration : spring.jpa.open-in-view is enabled by default. Therefore, database queries may be performed during view rendering. Explicitly configure spring.jpa.open-in-view to disable this warning
2024-05-29T19:08:02.448+05:30  INFO 6168 --- [restartedMain] o.s.b.a.w.s.WelcomePageHandlerMapping    : Adding welcome page template: index
2024-05-29T19:08:02.838+05:30  INFO 6168 --- [restartedMain] o.s.b.d.a.OptionalLiveReloadServer       : LiveReload server is running on port 35729
2024-05-29T19:08:02.887+05:30  INFO 6168 --- [restartedMain] o.s.b.w.embedded.tomcat.TomcatWebServer  : Tomcat started on port 8080 (http) with context path ''
2024-05-29T19:08:02.896+05:30  INFO 6168 --- [restartedMain] com.concentrix.demo.app                  : Started app in 4.982 seconds (process running for 6.058)
2024-05-29T19:08:18.249+05:30  INFO 6168 --- [http-nio-8080-exec-1] o.a.c.c.C.[Tomcat].[localhost].[/]       : Initializing Spring DispatcherServlet 'dispatcherServlet'
2024-05-29T19:08:18.249+05:30  INFO 6168 --- [http-nio-8080-exec-1] o.s.web.servlet.DispatcherServlet        : Initializing Servlet 'dispatcherServlet'
2024-05-29T19:08:18.249+05:30  INFO 6168 --- [http-nio-8080-exec-1] o.s.web.servlet.DispatcherServlet        : Completed initialization in 0 ms
2024-05-29T19:08:18.338+05:30  INFO 6168 --- [http-nio-8080-exec-1] c.c.demo.controller.UserController       : Accessing index page.
2024-05-29T19:08:21.626+05:30  INFO 6168 --- [http-nio-8080-exec-6] c.c.demo.controller.UserController       : Displaying home1 page.
2024-05-29T19:08:21.626+05:30  INFO 6168 --- [http-nio-8080-exec-6] c.c.demo.service.TicketServiceImpl       : Retrieving list of tickets
2024-05-29T19:08:21.940+05:30  INFO 6168 --- [http-nio-8080-exec-6] c.c.demo.service.TicketServiceImpl       : Retrieved 6 tickets
2024-05-29T19:09:19.637+05:30  WARN 6168 --- [http-nio-8080-exec-5] o.a.c.util.SessionIdGeneratorBase        : Creation of SecureRandom instance for session ID generation using [SHA1PRNG] took [218] milliseconds.
2024-05-29T19:09:19.646+05:30  INFO 6168 --- [http-nio-8080-exec-5] c.c.demo.controller.UserController       : Logging in user.
2024-05-29T19:09:19.650+05:30  INFO 6168 --- [http-nio-8080-exec-5] c.c.demo.service.UserServiceImpl         : Finding user by username: Reema
2024-05-29T19:09:19.837+05:30  INFO 6168 --- [http-nio-8080-exec-5] c.c.demo.service.UserServiceImpl         : User found with username: Reema
2024-05-29T19:09:19.837+05:30 ERROR 6168 --- [http-nio-8080-exec-5] c.c.demo.controller.UserController       : Failed to login. Invalid credentials.
2024-05-29T19:09:28.934+05:30  INFO 6168 --- [http-nio-8080-exec-2] c.c.demo.controller.UserController       : Logging in user.
2024-05-29T19:09:28.934+05:30  INFO 6168 --- [http-nio-8080-exec-2] c.c.demo.service.UserServiceImpl         : Finding user by username: Neetha
2024-05-29T19:09:28.941+05:30  INFO 6168 --- [http-nio-8080-exec-2] c.c.demo.service.UserServiceImpl         : User found with username: Neetha
2024-05-29T19:09:28.943+05:30  INFO 6168 --- [http-nio-8080-exec-2] c.c.demo.controller.UserController       : User logged in successfully.
2024-05-29T19:09:28.958+05:30  INFO 6168 --- [http-nio-8080-exec-10] c.c.demo.controller.UserController       : Displaying home page.
2024-05-29T19:09:28.959+05:30  INFO 6168 --- [http-nio-8080-exec-10] c.c.demo.service.TicketServiceImpl       : Retrieving list of tickets
2024-05-29T19:09:28.977+05:30  INFO 6168 --- [http-nio-8080-exec-10] c.c.demo.service.TicketServiceImpl       : Retrieved 6 tickets
2024-05-29T19:11:27.493+05:30  INFO 6168 --- [http-nio-8080-exec-3] c.c.demo.controller.OrderController      : Fetching All Orders
2024-05-29T19:11:27.493+05:30  INFO 6168 --- [http-nio-8080-exec-3] c.c.demo.service.OrderServiceImpl        : Retrieving all orders for user with ID: 3
2024-05-29T19:11:27.534+05:30  INFO 6168 --- [http-nio-8080-exec-3] c.c.demo.service.OrderServiceImpl        : Retrieved 3 orders for user with ID: 3
2024-05-29T19:11:31.939+05:30  INFO 6168 --- [http-nio-8080-exec-9] c.c.demo.controller.UserController       : Displaying home page.
2024-05-29T19:11:31.942+05:30  INFO 6168 --- [http-nio-8080-exec-9] c.c.demo.service.TicketServiceImpl       : Retrieving list of tickets
2024-05-29T19:11:31.956+05:30  INFO 6168 --- [http-nio-8080-exec-9] c.c.demo.service.TicketServiceImpl       : Retrieved 6 tickets
2024-05-29T19:11:34.824+05:30  INFO 6168 --- [http-nio-8080-exec-5] c.c.demo.controller.TicketController     : Viewing Sell Ticket Page
2024-05-29T19:11:34.825+05:30  INFO 6168 --- [http-nio-8080-exec-5] c.c.demo.service.TicketServiceImpl       : Retrieving all tickets for user with ID: 3
2024-05-29T19:11:34.835+05:30  INFO 6168 --- [http-nio-8080-exec-5] c.c.demo.service.TicketServiceImpl       : Retrieved 2 tickets for user with ID: 3
2024-05-29T19:11:37.113+05:30  INFO 6168 --- [http-nio-8080-exec-8] c.c.demo.controller.UserController       : Displaying home page.
2024-05-29T19:11:37.115+05:30  INFO 6168 --- [http-nio-8080-exec-8] c.c.demo.service.TicketServiceImpl       : Retrieving list of tickets
2024-05-29T19:11:37.124+05:30  INFO 6168 --- [http-nio-8080-exec-8] c.c.demo.service.TicketServiceImpl       : Retrieved 6 tickets
2024-05-29T19:18:19.844+05:30  INFO 6168 --- [http-nio-8080-exec-10] c.c.demo.controller.TicketController     : Viewing Sell Ticket Page
2024-05-29T19:18:19.847+05:30  INFO 6168 --- [http-nio-8080-exec-10] c.c.demo.service.TicketServiceImpl       : Retrieving all tickets for user with ID: 3
2024-05-29T19:18:19.868+05:30  INFO 6168 --- [http-nio-8080-exec-10] c.c.demo.service.TicketServiceImpl       : Retrieved 2 tickets for user with ID: 3
2024-05-29T19:18:26.657+05:30  INFO 6168 --- [http-nio-8080-exec-3] c.c.demo.controller.UserController       : Displaying home page.
2024-05-29T19:18:26.657+05:30  INFO 6168 --- [http-nio-8080-exec-3] c.c.demo.service.TicketServiceImpl       : Retrieving list of tickets
2024-05-29T19:18:26.674+05:30  INFO 6168 --- [http-nio-8080-exec-3] c.c.demo.service.TicketServiceImpl       : Retrieved 6 tickets
2024-05-29T19:18:32.137+05:30  INFO 6168 --- [http-nio-8080-exec-10] c.c.demo.controller.UserController       : Displaying home page.
2024-05-29T19:18:32.137+05:30  INFO 6168 --- [http-nio-8080-exec-10] c.c.demo.service.TicketServiceImpl       : Retrieving list of tickets
2024-05-29T19:18:32.148+05:30  INFO 6168 --- [http-nio-8080-exec-10] c.c.demo.service.TicketServiceImpl       : Retrieved 6 tickets
2024-05-29T19:22:22.390+05:30  INFO 15864 --- [restartedMain] com.concentrix.demo.app                  : Starting app using Java 17.0.9 with PID 15864 (C:\Users\kaasritha\Documents\workspace-spring-tool-suite-4-4.21.0.RELEASE\E-Ticketer-WebApplication\target\classes started by kaasritha in C:\Users\kaasritha\Documents\workspace-spring-tool-suite-4-4.21.0.RELEASE\E-Ticketer-WebApplication)
2024-05-29T19:22:22.393+05:30  INFO 15864 --- [restartedMain] com.concentrix.demo.app                  : No active profile set, falling back to 1 default profile: "default"
2024-05-29T19:22:22.449+05:30  INFO 15864 --- [restartedMain] .e.DevToolsPropertyDefaultsPostProcessor : Devtools property defaults active! Set 'spring.devtools.add-properties' to 'false' to disable
2024-05-29T19:22:22.450+05:30  INFO 15864 --- [restartedMain] .e.DevToolsPropertyDefaultsPostProcessor : For additional web related logging consider setting the 'logging.level.web' property to 'DEBUG'
2024-05-29T19:22:23.241+05:30  INFO 15864 --- [restartedMain] .s.d.r.c.RepositoryConfigurationDelegate : Bootstrapping Spring Data JPA repositories in DEFAULT mode.
2024-05-29T19:22:23.318+05:30  INFO 15864 --- [restartedMain] .s.d.r.c.RepositoryConfigurationDelegate : Finished Spring Data repository scanning in 65 ms. Found 3 JPA repository interfaces.
2024-05-29T19:22:23.639+05:30  WARN 15864 --- [restartedMain] trationDelegate$BeanPostProcessorChecker : Bean 'org.springframework.ws.config.annotation.DelegatingWsConfiguration' of type [org.springframework.ws.config.annotation.DelegatingWsConfiguration$$SpringCGLIB$$0] is not eligible for getting processed by all BeanPostProcessors (for example: not eligible for auto-proxying). The currently created BeanPostProcessor [annotationActionEndpointMapping] is declared through a non-static factory method on that class; consider declaring it as static instead.
2024-05-29T19:22:23.697+05:30  INFO 15864 --- [restartedMain] .w.s.a.s.AnnotationActionEndpointMapping : Supporting [WS-Addressing August 2004, WS-Addressing 1.0]
2024-05-29T19:22:24.118+05:30  INFO 15864 --- [restartedMain] o.s.b.w.embedded.tomcat.TomcatWebServer  : Tomcat initialized with port 8080 (http)
2024-05-29T19:22:24.138+05:30  INFO 15864 --- [restartedMain] o.apache.catalina.core.StandardService   : Starting service [Tomcat]
2024-05-29T19:22:24.138+05:30  INFO 15864 --- [restartedMain] o.apache.catalina.core.StandardEngine    : Starting Servlet engine: [Apache Tomcat/10.1.18]
2024-05-29T19:22:24.232+05:30  INFO 15864 --- [restartedMain] o.a.c.c.C.[Tomcat].[localhost].[/]       : Initializing Spring embedded WebApplicationContext
2024-05-29T19:22:24.233+05:30  INFO 15864 --- [restartedMain] w.s.c.ServletWebServerApplicationContext : Root WebApplicationContext: initialization completed in 1782 ms
2024-05-29T19:22:24.457+05:30  INFO 15864 --- [restartedMain] o.hibernate.jpa.internal.util.LogHelper  : HHH000204: Processing PersistenceUnitInfo [name: default]
2024-05-29T19:22:24.592+05:30  INFO 15864 --- [restartedMain] org.hibernate.Version                    : HHH000412: Hibernate ORM core version 6.4.1.Final
2024-05-29T19:22:24.660+05:30  INFO 15864 --- [restartedMain] o.h.c.internal.RegionFactoryInitiator    : HHH000026: Second-level cache disabled
2024-05-29T19:22:25.211+05:30  INFO 15864 --- [restartedMain] o.s.o.j.p.SpringPersistenceUnitInfo      : No LoadTimeWeaver setup: ignoring JPA class transformer
2024-05-29T19:22:25.267+05:30  INFO 15864 --- [restartedMain] com.zaxxer.hikari.HikariDataSource       : HikariPool-1 - Starting...
2024-05-29T19:22:25.605+05:30  INFO 15864 --- [restartedMain] com.zaxxer.hikari.pool.HikariPool        : HikariPool-1 - Added connection com.mysql.cj.jdbc.ConnectionImpl@2aab6978
2024-05-29T19:22:25.607+05:30  INFO 15864 --- [restartedMain] com.zaxxer.hikari.HikariDataSource       : HikariPool-1 - Start completed.
2024-05-29T19:22:25.670+05:30  WARN 15864 --- [restartedMain] org.hibernate.orm.deprecation            : HHH90000025: MySQLDialect does not need to be specified explicitly using 'hibernate.dialect' (remove the property setting and it will be selected by default)
2024-05-29T19:22:27.050+05:30  INFO 15864 --- [restartedMain] o.h.e.t.j.p.i.JtaPlatformInitiator       : HHH000489: No JTA platform available (set 'hibernate.transaction.jta.platform' to enable JTA platform integration)
2024-05-29T19:22:27.146+05:30  INFO 15864 --- [restartedMain] j.LocalContainerEntityManagerFactoryBean : Initialized JPA EntityManagerFactory for persistence unit 'default'
2024-05-29T19:22:27.511+05:30  INFO 15864 --- [restartedMain] o.s.d.j.r.query.QueryEnhancerFactory     : Hibernate is in classpath; If applicable, HQL parser will be used.
2024-05-29T19:22:27.664+05:30  WARN 15864 --- [restartedMain] JpaBaseConfiguration$JpaWebConfiguration : spring.jpa.open-in-view is enabled by default. Therefore, database queries may be performed during view rendering. Explicitly configure spring.jpa.open-in-view to disable this warning
2024-05-29T19:22:27.689+05:30  INFO 15864 --- [restartedMain] o.s.b.a.w.s.WelcomePageHandlerMapping    : Adding welcome page template: index
2024-05-29T19:22:28.107+05:30  WARN 15864 --- [restartedMain] o.s.b.d.a.OptionalLiveReloadServer       : Unable to start LiveReload server
2024-05-29T19:22:28.132+05:30  WARN 15864 --- [restartedMain] ConfigServletWebServerApplicationContext : Exception encountered during context initialization - cancelling refresh attempt: org.springframework.context.ApplicationContextException: Failed to start bean 'webServerStartStop'
2024-05-29T19:22:28.134+05:30  INFO 15864 --- [restartedMain] j.LocalContainerEntityManagerFactoryBean : Closing JPA EntityManagerFactory for persistence unit 'default'
2024-05-29T19:22:28.137+05:30  INFO 15864 --- [restartedMain] com.zaxxer.hikari.HikariDataSource       : HikariPool-1 - Shutdown initiated...
2024-05-29T19:22:28.146+05:30  INFO 15864 --- [restartedMain] com.zaxxer.hikari.HikariDataSource       : HikariPool-1 - Shutdown completed.
2024-05-29T19:22:28.162+05:30  INFO 15864 --- [restartedMain] .s.b.a.l.ConditionEvaluationReportLogger : 

Error starting ApplicationContext. To display the condition evaluation report re-run your application with 'debug' enabled.
2024-05-29T19:22:28.184+05:30 ERROR 15864 --- [restartedMain] o.s.b.d.LoggingFailureAnalysisReporter   : 

***************************
APPLICATION FAILED TO START
***************************

Description:

Web server failed to start. Port 8080 was already in use.

Action:

Identify and stop the process that's listening on port 8080 or configure this application to listen on another port.

2024-05-29T19:22:31.237+05:30  INFO 6168 --- [RMI TCP Connection(18)-127.0.0.1] inMXBeanRegistrar$SpringApplicationAdmin : Application shutdown requested.
2024-05-29T19:22:31.284+05:30  INFO 6168 --- [RMI TCP Connection(18)-127.0.0.1] j.LocalContainerEntityManagerFactoryBean : Closing JPA EntityManagerFactory for persistence unit 'default'
2024-05-29T19:22:31.289+05:30  INFO 6168 --- [RMI TCP Connection(18)-127.0.0.1] com.zaxxer.hikari.HikariDataSource       : HikariPool-1 - Shutdown initiated...
2024-05-29T19:22:31.300+05:30  INFO 6168 --- [RMI TCP Connection(18)-127.0.0.1] com.zaxxer.hikari.HikariDataSource       : HikariPool-1 - Shutdown completed.
2024-05-29T19:22:42.691+05:30  INFO 14984 --- [restartedMain] com.concentrix.demo.app                  : Starting app using Java 17.0.9 with PID 14984 (C:\Users\kaasritha\Documents\workspace-spring-tool-suite-4-4.21.0.RELEASE\E-Ticketer-WebApplication\target\classes started by kaasritha in C:\Users\kaasritha\Documents\workspace-spring-tool-suite-4-4.21.0.RELEASE\E-Ticketer-WebApplication)
2024-05-29T19:22:42.694+05:30  INFO 14984 --- [restartedMain] com.concentrix.demo.app                  : No active profile set, falling back to 1 default profile: "default"
2024-05-29T19:22:42.752+05:30  INFO 14984 --- [restartedMain] .e.DevToolsPropertyDefaultsPostProcessor : Devtools property defaults active! Set 'spring.devtools.add-properties' to 'false' to disable
2024-05-29T19:22:42.753+05:30  INFO 14984 --- [restartedMain] .e.DevToolsPropertyDefaultsPostProcessor : For additional web related logging consider setting the 'logging.level.web' property to 'DEBUG'
2024-05-29T19:22:43.508+05:30  INFO 14984 --- [restartedMain] .s.d.r.c.RepositoryConfigurationDelegate : Bootstrapping Spring Data JPA repositories in DEFAULT mode.
2024-05-29T19:22:43.585+05:30  INFO 14984 --- [restartedMain] .s.d.r.c.RepositoryConfigurationDelegate : Finished Spring Data repository scanning in 69 ms. Found 3 JPA repository interfaces.
2024-05-29T19:22:43.881+05:30  WARN 14984 --- [restartedMain] trationDelegate$BeanPostProcessorChecker : Bean 'org.springframework.ws.config.annotation.DelegatingWsConfiguration' of type [org.springframework.ws.config.annotation.DelegatingWsConfiguration$$SpringCGLIB$$0] is not eligible for getting processed by all BeanPostProcessors (for example: not eligible for auto-proxying). The currently created BeanPostProcessor [annotationActionEndpointMapping] is declared through a non-static factory method on that class; consider declaring it as static instead.
2024-05-29T19:22:43.922+05:30  INFO 14984 --- [restartedMain] .w.s.a.s.AnnotationActionEndpointMapping : Supporting [WS-Addressing August 2004, WS-Addressing 1.0]
2024-05-29T19:22:44.205+05:30  INFO 14984 --- [restartedMain] o.s.b.w.embedded.tomcat.TomcatWebServer  : Tomcat initialized with port 8080 (http)
2024-05-29T19:22:44.216+05:30  INFO 14984 --- [restartedMain] o.apache.catalina.core.StandardService   : Starting service [Tomcat]
2024-05-29T19:22:44.217+05:30  INFO 14984 --- [restartedMain] o.apache.catalina.core.StandardEngine    : Starting Servlet engine: [Apache Tomcat/10.1.18]
2024-05-29T19:22:44.286+05:30  INFO 14984 --- [restartedMain] o.a.c.c.C.[Tomcat].[localhost].[/]       : Initializing Spring embedded WebApplicationContext
2024-05-29T19:22:44.287+05:30  INFO 14984 --- [restartedMain] w.s.c.ServletWebServerApplicationContext : Root WebApplicationContext: initialization completed in 1533 ms
2024-05-29T19:22:44.445+05:30  INFO 14984 --- [restartedMain] o.hibernate.jpa.internal.util.LogHelper  : HHH000204: Processing PersistenceUnitInfo [name: default]
2024-05-29T19:22:44.508+05:30  INFO 14984 --- [restartedMain] org.hibernate.Version                    : HHH000412: Hibernate ORM core version 6.4.1.Final
2024-05-29T19:22:44.548+05:30  INFO 14984 --- [restartedMain] o.h.c.internal.RegionFactoryInitiator    : HHH000026: Second-level cache disabled
2024-05-29T19:22:44.781+05:30  INFO 14984 --- [restartedMain] o.s.o.j.p.SpringPersistenceUnitInfo      : No LoadTimeWeaver setup: ignoring JPA class transformer
2024-05-29T19:22:44.809+05:30  INFO 14984 --- [restartedMain] com.zaxxer.hikari.HikariDataSource       : HikariPool-1 - Starting...
2024-05-29T19:22:45.130+05:30  INFO 14984 --- [restartedMain] com.zaxxer.hikari.pool.HikariPool        : HikariPool-1 - Added connection com.mysql.cj.jdbc.ConnectionImpl@2bbc7104
2024-05-29T19:22:45.133+05:30  INFO 14984 --- [restartedMain] com.zaxxer.hikari.HikariDataSource       : HikariPool-1 - Start completed.
2024-05-29T19:22:45.186+05:30  WARN 14984 --- [restartedMain] org.hibernate.orm.deprecation            : HHH90000025: MySQLDialect does not need to be specified explicitly using 'hibernate.dialect' (remove the property setting and it will be selected by default)
2024-05-29T19:22:46.134+05:30  INFO 14984 --- [restartedMain] o.h.e.t.j.p.i.JtaPlatformInitiator       : HHH000489: No JTA platform available (set 'hibernate.transaction.jta.platform' to enable JTA platform integration)
2024-05-29T19:22:46.223+05:30  INFO 14984 --- [restartedMain] j.LocalContainerEntityManagerFactoryBean : Initialized JPA EntityManagerFactory for persistence unit 'default'
2024-05-29T19:22:46.560+05:30  INFO 14984 --- [restartedMain] o.s.d.j.r.query.QueryEnhancerFactory     : Hibernate is in classpath; If applicable, HQL parser will be used.
2024-05-29T19:22:46.722+05:30  WARN 14984 --- [restartedMain] JpaBaseConfiguration$JpaWebConfiguration : spring.jpa.open-in-view is enabled by default. Therefore, database queries may be performed during view rendering. Explicitly configure spring.jpa.open-in-view to disable this warning
2024-05-29T19:22:46.745+05:30  INFO 14984 --- [restartedMain] o.s.b.a.w.s.WelcomePageHandlerMapping    : Adding welcome page template: index
2024-05-29T19:22:47.143+05:30  INFO 14984 --- [restartedMain] o.s.b.d.a.OptionalLiveReloadServer       : LiveReload server is running on port 35729
2024-05-29T19:22:47.193+05:30  INFO 14984 --- [restartedMain] o.s.b.w.embedded.tomcat.TomcatWebServer  : Tomcat started on port 8080 (http) with context path ''
2024-05-29T19:22:47.201+05:30  INFO 14984 --- [restartedMain] com.concentrix.demo.app                  : Started app in 4.992 seconds (process running for 6.055)
2024-05-29T19:23:01.759+05:30  INFO 14984 --- [http-nio-8080-exec-1] o.a.c.c.C.[Tomcat].[localhost].[/]       : Initializing Spring DispatcherServlet 'dispatcherServlet'
2024-05-29T19:23:01.760+05:30  INFO 14984 --- [http-nio-8080-exec-1] o.s.web.servlet.DispatcherServlet        : Initializing Servlet 'dispatcherServlet'
2024-05-29T19:23:01.761+05:30  INFO 14984 --- [http-nio-8080-exec-1] o.s.web.servlet.DispatcherServlet        : Completed initialization in 1 ms
2024-05-29T19:23:01.803+05:30  INFO 14984 --- [http-nio-8080-exec-1] c.c.demo.controller.UserController       : Displaying home page.
2024-05-29T19:23:01.804+05:30  INFO 14984 --- [http-nio-8080-exec-1] c.c.demo.service.TicketServiceImpl       : Retrieving list of tickets
2024-05-29T19:23:01.945+05:30  INFO 14984 --- [http-nio-8080-exec-1] c.c.demo.service.TicketServiceImpl       : Retrieved 6 tickets
2024-05-29T19:23:17.106+05:30  INFO 14984 --- [http-nio-8080-exec-8] c.c.demo.controller.UserController       : Accessing index page.
2024-05-29T19:23:21.093+05:30  INFO 14984 --- [http-nio-8080-exec-5] c.c.demo.controller.UserController       : Displaying home1 page.
2024-05-29T19:23:21.093+05:30  INFO 14984 --- [http-nio-8080-exec-5] c.c.demo.service.TicketServiceImpl       : Retrieving list of tickets
2024-05-29T19:23:21.123+05:30  INFO 14984 --- [http-nio-8080-exec-5] c.c.demo.service.TicketServiceImpl       : Retrieved 6 tickets
2024-05-29T22:09:27.800+05:30  WARN 14984 --- [HikariPool-1 housekeeper] com.zaxxer.hikari.pool.HikariPool        : HikariPool-1 - Thread starvation or clock leap detected (housekeeper delta=2h22m42s211ms65µs900ns).
